2025-05-04 12:32:29 INFO  o.h.validator.internal.util.Version - HV000001: Hibernate Validator 8.0.2.Final
2025-05-04 12:32:29 INFO  com.project.LMS.LmsApplication - Starting LmsApplication using Java 21.0.2 with PID 23788 (C:\Users\2393146\Downloads\LMS-Backend\LMS-backend\target\classes started by 2393146 in C:\Users\2393146\Downloads\LMS-Backend\LMS-backend)
2025-05-04 12:32:29 DEBUG com.project.LMS.LmsApplication - Running with Spring Boot v3.4.5, Spring v6.2.6
2025-05-04 12:32:29 INFO  com.project.LMS.LmsApplication - No active profile set, falling back to 1 default profile: "default"
2025-05-04 12:32:30 INFO  o.s.d.r.c.RepositoryConfigurationDelegate - Bootstrapping Spring Data JPA repositories in DEFAULT mode.
2025-05-04 12:32:31 INFO  o.s.d.r.c.RepositoryConfigurationDelegate - Finished Spring Data repository scanning in 85 ms. Found 5 JPA repository interfaces.
2025-05-04 12:32:32 INFO  o.s.b.w.e.tomcat.TomcatWebServer - Tomcat initialized with port 2025 (http)
2025-05-04 12:32:32 INFO  o.a.coyote.http11.Http11NioProtocol - Initializing ProtocolHandler ["http-nio-2025"]
2025-05-04 12:32:32 INFO  o.a.catalina.core.StandardService - Starting service [Tomcat]
2025-05-04 12:32:32 INFO  o.a.catalina.core.StandardEngine - Starting Servlet engine: [Apache Tomcat/10.1.40]
2025-05-04 12:32:32 INFO  o.a.c.c.C.[Tomcat].[localhost].[/] - Initializing Spring embedded WebApplicationContext
2025-05-04 12:32:32 INFO  o.s.b.w.s.c.ServletWebServerApplicationContext - Root WebApplicationContext: initialization completed in 2438 ms
2025-05-04 12:32:32 INFO  o.h.jpa.internal.util.LogHelper - HHH000204: Processing PersistenceUnitInfo [name: default]
2025-05-04 12:32:32 INFO  org.hibernate.Version - HHH000412: Hibernate ORM core version 6.6.13.Final
2025-05-04 12:32:32 INFO  o.h.c.i.RegionFactoryInitiator - HHH000026: Second-level cache disabled
2025-05-04 12:32:33 INFO  o.s.o.j.p.SpringPersistenceUnitInfo - No LoadTimeWeaver setup: ignoring JPA class transformer
2025-05-04 12:32:33 INFO  com.zaxxer.hikari.HikariDataSource - HikariPool-1 - Starting...
2025-05-04 12:32:35 WARN  o.h.e.jdbc.spi.SqlExceptionHelper - SQL Error: 1017, SQLState: 72000
2025-05-04 12:32:35 ERROR o.h.e.jdbc.spi.SqlExceptionHelper - ORA-01017: invalid username/password; logon denied

https://docs.oracle.com/error-help/db/ora-01017/
2025-05-04 12:32:35 WARN  o.h.e.j.e.i.JdbcEnvironmentInitiator - HHH000342: Could not obtain connection to query metadata
org.hibernate.exception.GenericJDBCException: unable to obtain isolated JDBC connection [ORA-01017: invalid username/password; logon denied

https://docs.oracle.com/error-help/db/ora-01017/] [n/a]
	at org.hibernate.exception.internal.StandardSQLExceptionConverter.convert(StandardSQLExceptionConverter.java:63)
	at org.hibernate.engine.jdbc.spi.SqlExceptionHelper.convert(SqlExceptionHelper.java:108)
	at org.hibernate.engine.jdbc.spi.SqlExceptionHelper.convert(SqlExceptionHelper.java:94)
	at org.hibernate.resource.transaction.backend.jdbc.internal.JdbcIsolationDelegate.delegateWork(JdbcIsolationDelegate.java:116)
	at org.hibernate.engine.jdbc.env.internal.JdbcEnvironmentInitiator.getJdbcEnvironmentUsingJdbcMetadata(JdbcEnvironmentInitiator.java:320)
	at org.hibernate.engine.jdbc.env.internal.JdbcEnvironmentInitiator.initiateService(JdbcEnvironmentInitiator.java:129)
	at org.hibernate.engine.jdbc.env.internal.JdbcEnvironmentInitiator.initiateService(JdbcEnvironmentInitiator.java:81)
	at org.hibernate.boot.registry.internal.StandardServiceRegistryImpl.initiateService(StandardServiceRegistryImpl.java:130)
	at org.hibernate.service.internal.AbstractServiceRegistryImpl.createService(AbstractServiceRegistryImpl.java:263)
	at org.hibernate.service.internal.AbstractServiceRegistryImpl.initializeService(AbstractServiceRegistryImpl.java:238)
	at org.hibernate.service.internal.AbstractServiceRegistryImpl.getService(AbstractServiceRegistryImpl.java:215)
	at org.hibernate.boot.model.relational.Database.<init>(Database.java:45)
	at org.hibernate.boot.internal.InFlightMetadataCollectorImpl.getDatabase(InFlightMetadataCollectorImpl.java:226)
	at org.hibernate.boot.internal.InFlightMetadataCollectorImpl.<init>(InFlightMetadataCollectorImpl.java:194)
	at org.hibernate.boot.model.process.spi.MetadataBuildingProcess.complete(MetadataBuildingProcess.java:171)
	at org.hibernate.jpa.boot.internal.EntityManagerFactoryBuilderImpl.metadata(EntityManagerFactoryBuilderImpl.java:1442)
	at org.hibernate.jpa.boot.internal.EntityManagerFactoryBuilderImpl.build(EntityManagerFactoryBuilderImpl.java:1513)
	at org.springframework.orm.jpa.vendor.SpringHibernateJpaPersistenceProvider.createContainerEntityManagerFactory(SpringHibernateJpaPersistenceProvider.java:66)
	at org.springframework.orm.jpa.LocalContainerEntityManagerFactoryBean.createNativeEntityManagerFactory(LocalContainerEntityManagerFactoryBean.java:390)
	at org.springframework.orm.jpa.AbstractEntityManagerFactoryBean.buildNativeEntityManagerFactory(AbstractEntityManagerFactoryBean.java:419)
	at org.springframework.orm.jpa.AbstractEntityManagerFactoryBean.afterPropertiesSet(AbstractEntityManagerFactoryBean.java:400)
	at org.springframework.orm.jpa.LocalContainerEntityManagerFactoryBean.afterPropertiesSet(LocalContainerEntityManagerFactoryBean.java:366)
	at org.springframework.beans.factory.support.AbstractAutowireCapableBeanFactory.invokeInitMethods(AbstractAutowireCapableBeanFactory.java:1865)
	at org.springframework.beans.factory.support.AbstractAutowireCapableBeanFactory.initializeBean(AbstractAutowireCapableBeanFactory.java:1814)
	at org.springframework.beans.factory.support.AbstractAutowireCapableBeanFactory.doCreateBean(AbstractAutowireCapableBeanFactory.java:607)
	at org.springframework.beans.factory.support.AbstractAutowireCapableBeanFactory.createBean(AbstractAutowireCapableBeanFactory.java:529)
	at org.springframework.beans.factory.support.AbstractBeanFactory.lambda$doGetBean$0(AbstractBeanFactory.java:339)
	at org.springframework.beans.factory.support.DefaultSingletonBeanRegistry.getSingleton(DefaultSingletonBeanRegistry.java:371)
	at org.springframework.beans.factory.support.AbstractBeanFactory.doGetBean(AbstractBeanFactory.java:337)
	at org.springframework.beans.factory.support.AbstractBeanFactory.getBean(AbstractBeanFactory.java:207)
	at org.springframework.context.support.AbstractApplicationContext.finishBeanFactoryInitialization(AbstractApplicationContext.java:970)
	at org.springframework.context.support.AbstractApplicationContext.refresh(AbstractApplicationContext.java:627)
	at org.springframework.boot.web.servlet.context.ServletWebServerApplicationContext.refresh(ServletWebServerApplicationContext.java:146)
	at org.springframework.boot.SpringApplication.refresh(SpringApplication.java:753)
	at org.springframework.boot.SpringApplication.refreshContext(SpringApplication.java:439)
	at org.springframework.boot.SpringApplication.run(SpringApplication.java:318)
	at org.springframework.boot.SpringApplication.run(SpringApplication.java:1362)
	at org.springframework.boot.SpringApplication.run(SpringApplication.java:1351)
	at com.project.LMS.LmsApplication.main(LmsApplication.java:10)
Caused by: java.sql.SQLException: ORA-01017: invalid username/password; logon denied

https://docs.oracle.com/error-help/db/ora-01017/
	at oracle.jdbc.driver.T4CTTIoer11.processError(T4CTTIoer11.java:709)
	at oracle.jdbc.driver.T4CTTIoer11.processError(T4CTTIoer11.java:604)
	at oracle.jdbc.driver.T4CTTIoer11.processError(T4CTTIoer11.java:599)
	at oracle.jdbc.driver.T4CTTIfun.processError(T4CTTIfun.java:1809)
	at oracle.jdbc.driver.T4CTTIoauthenticate.processError(T4CTTIoauthenticate.java:903)
	at oracle.jdbc.driver.T4CTTIfun.receive(T4CTTIfun.java:1100)
	at oracle.jdbc.driver.T4CTTIfun.doRPC(T4CTTIfun.java:408)
	at oracle.jdbc.driver.T4CTTIoauthenticate.doOAUTH(T4CTTIoauthenticate.java:530)
	at oracle.jdbc.driver.T4CTTIoauthenticate.doOAUTHWithO5Logon(T4CTTIoauthenticate.java:1712)
	at oracle.jdbc.driver.T4CTTIoauthenticate.doOAUTH(T4CTTIoauthenticate.java:1459)
	at oracle.jdbc.driver.T4CTTIoauthenticate.doOAUTH(T4CTTIoauthenticate.java:1399)
	at oracle.jdbc.driver.T4CConnection.authenticateWithPassword(T4CConnection.java:2050)
	at oracle.jdbc.driver.T4CConnection.authenticateUserForLogon(T4CConnection.java:1989)
	at oracle.jdbc.driver.T4CConnection.logon(T4CConnection.java:1090)
	at oracle.jdbc.driver.PhysicalConnection.connect(PhysicalConnection.java:1206)
	at oracle.jdbc.driver.T4CDriverExtension.getConnection(T4CDriverExtension.java:105)
	at oracle.jdbc.driver.OracleDriver.connect(OracleDriver.java:886)
	at oracle.jdbc.driver.OracleDriver.connect(OracleDriver.java:693)
	at com.zaxxer.hikari.util.DriverDataSource.getConnection(DriverDataSource.java:137)
	at com.zaxxer.hikari.pool.PoolBase.newConnection(PoolBase.java:360)
	at com.zaxxer.hikari.pool.PoolBase.newPoolEntry(PoolBase.java:202)
	at com.zaxxer.hikari.pool.HikariPool.createPoolEntry(HikariPool.java:461)
	at com.zaxxer.hikari.pool.HikariPool.checkFailFast(HikariPool.java:550)
	at com.zaxxer.hikari.pool.HikariPool.<init>(HikariPool.java:98)
	at com.zaxxer.hikari.HikariDataSource.getConnection(HikariDataSource.java:111)
	at org.hibernate.engine.jdbc.connections.internal.DatasourceConnectionProviderImpl.getConnection(DatasourceConnectionProviderImpl.java:126)
	at org.hibernate.engine.jdbc.env.internal.JdbcEnvironmentInitiator$ConnectionProviderJdbcConnectionAccess.obtainConnection(JdbcEnvironmentInitiator.java:467)
	at org.hibernate.resource.transaction.backend.jdbc.internal.JdbcIsolationDelegate.delegateWork(JdbcIsolationDelegate.java:61)
	... 35 common frames omitted
2025-05-04 12:32:35 ERROR o.s.o.j.LocalContainerEntityManagerFactoryBean - Failed to initialize JPA EntityManagerFactory: Unable to create requested service [org.hibernate.engine.jdbc.env.spi.JdbcEnvironment] due to: Unable to determine Dialect without JDBC metadata (please set 'jakarta.persistence.jdbc.url' for common cases or 'hibernate.dialect' when a custom Dialect implementation must be provided)
2025-05-04 12:32:35 WARN  o.s.b.w.s.c.AnnotationConfigServletWebServerApplicationContext - Exception encountered during context initialization - cancelling refresh attempt: org.springframework.beans.factory.BeanCreationException: Error creating bean with name 'entityManagerFactory' defined in class path resource [org/springframework/boot/autoconfigure/orm/jpa/HibernateJpaConfiguration.class]: Unable to create requested service [org.hibernate.engine.jdbc.env.spi.JdbcEnvironment] due to: Unable to determine Dialect without JDBC metadata (please set 'jakarta.persistence.jdbc.url' for common cases or 'hibernate.dialect' when a custom Dialect implementation must be provided)
2025-05-04 12:32:35 INFO  o.a.catalina.core.StandardService - Stopping service [Tomcat]
2025-05-04 12:32:35 INFO  o.s.b.a.l.ConditionEvaluationReportLogger - 

Error starting ApplicationContext. To display the condition evaluation report re-run your application with 'debug' enabled.
2025-05-04 12:32:35 ERROR o.s.boot.SpringApplication - Application run failed
org.springframework.beans.factory.BeanCreationException: Error creating bean with name 'entityManagerFactory' defined in class path resource [org/springframework/boot/autoconfigure/orm/jpa/HibernateJpaConfiguration.class]: Unable to create requested service [org.hibernate.engine.jdbc.env.spi.JdbcEnvironment] due to: Unable to determine Dialect without JDBC metadata (please set 'jakarta.persistence.jdbc.url' for common cases or 'hibernate.dialect' when a custom Dialect implementation must be provided)
	at org.springframework.beans.factory.support.AbstractAutowireCapableBeanFactory.initializeBean(AbstractAutowireCapableBeanFactory.java:1818)
	at org.springframework.beans.factory.support.AbstractAutowireCapableBeanFactory.doCreateBean(AbstractAutowireCapableBeanFactory.java:607)
	at org.springframework.beans.factory.support.AbstractAutowireCapableBeanFactory.createBean(AbstractAutowireCapableBeanFactory.java:529)
	at org.springframework.beans.factory.support.AbstractBeanFactory.lambda$doGetBean$0(AbstractBeanFactory.java:339)
	at org.springframework.beans.factory.support.DefaultSingletonBeanRegistry.getSingleton(DefaultSingletonBeanRegistry.java:371)
	at org.springframework.beans.factory.support.AbstractBeanFactory.doGetBean(AbstractBeanFactory.java:337)
	at org.springframework.beans.factory.support.AbstractBeanFactory.getBean(AbstractBeanFactory.java:207)
	at org.springframework.context.support.AbstractApplicationContext.finishBeanFactoryInitialization(AbstractApplicationContext.java:970)
	at org.springframework.context.support.AbstractApplicationContext.refresh(AbstractApplicationContext.java:627)
	at org.springframework.boot.web.servlet.context.ServletWebServerApplicationContext.refresh(ServletWebServerApplicationContext.java:146)
	at org.springframework.boot.SpringApplication.refresh(SpringApplication.java:753)
	at org.springframework.boot.SpringApplication.refreshContext(SpringApplication.java:439)
	at org.springframework.boot.SpringApplication.run(SpringApplication.java:318)
	at org.springframework.boot.SpringApplication.run(SpringApplication.java:1362)
	at org.springframework.boot.SpringApplication.run(SpringApplication.java:1351)
	at com.project.LMS.LmsApplication.main(LmsApplication.java:10)
Caused by: org.hibernate.service.spi.ServiceException: Unable to create requested service [org.hibernate.engine.jdbc.env.spi.JdbcEnvironment] due to: Unable to determine Dialect without JDBC metadata (please set 'jakarta.persistence.jdbc.url' for common cases or 'hibernate.dialect' when a custom Dialect implementation must be provided)
	at org.hibernate.service.internal.AbstractServiceRegistryImpl.createService(AbstractServiceRegistryImpl.java:276)
	at org.hibernate.service.internal.AbstractServiceRegistryImpl.initializeService(AbstractServiceRegistryImpl.java:238)
	at org.hibernate.service.internal.AbstractServiceRegistryImpl.getService(AbstractServiceRegistryImpl.java:215)
	at org.hibernate.boot.model.relational.Database.<init>(Database.java:45)
	at org.hibernate.boot.internal.InFlightMetadataCollectorImpl.getDatabase(InFlightMetadataCollectorImpl.java:226)
	at org.hibernate.boot.internal.InFlightMetadataCollectorImpl.<init>(InFlightMetadataCollectorImpl.java:194)
	at org.hibernate.boot.model.process.spi.MetadataBuildingProcess.complete(MetadataBuildingProcess.java:171)
	at org.hibernate.jpa.boot.internal.EntityManagerFactoryBuilderImpl.metadata(EntityManagerFactoryBuilderImpl.java:1442)
	at org.hibernate.jpa.boot.internal.EntityManagerFactoryBuilderImpl.build(EntityManagerFactoryBuilderImpl.java:1513)
	at org.springframework.orm.jpa.vendor.SpringHibernateJpaPersistenceProvider.createContainerEntityManagerFactory(SpringHibernateJpaPersistenceProvider.java:66)
	at org.springframework.orm.jpa.LocalContainerEntityManagerFactoryBean.createNativeEntityManagerFactory(LocalContainerEntityManagerFactoryBean.java:390)
	at org.springframework.orm.jpa.AbstractEntityManagerFactoryBean.buildNativeEntityManagerFactory(AbstractEntityManagerFactoryBean.java:419)
	at org.springframework.orm.jpa.AbstractEntityManagerFactoryBean.afterPropertiesSet(AbstractEntityManagerFactoryBean.java:400)
	at org.springframework.orm.jpa.LocalContainerEntityManagerFactoryBean.afterPropertiesSet(LocalContainerEntityManagerFactoryBean.java:366)
	at org.springframework.beans.factory.support.AbstractAutowireCapableBeanFactory.invokeInitMethods(AbstractAutowireCapableBeanFactory.java:1865)
	at org.springframework.beans.factory.support.AbstractAutowireCapableBeanFactory.initializeBean(AbstractAutowireCapableBeanFactory.java:1814)
	... 15 common frames omitted
Caused by: org.hibernate.HibernateException: Unable to determine Dialect without JDBC metadata (please set 'jakarta.persistence.jdbc.url' for common cases or 'hibernate.dialect' when a custom Dialect implementation must be provided)
	at org.hibernate.engine.jdbc.dialect.internal.DialectFactoryImpl.determineDialect(DialectFactoryImpl.java:191)
	at org.hibernate.engine.jdbc.dialect.internal.DialectFactoryImpl.buildDialect(DialectFactoryImpl.java:87)
	at org.hibernate.engine.jdbc.env.internal.JdbcEnvironmentInitiator.getJdbcEnvironmentWithDefaults(JdbcEnvironmentInitiator.java:181)
	at org.hibernate.engine.jdbc.env.internal.JdbcEnvironmentInitiator.getJdbcEnvironmentUsingJdbcMetadata(JdbcEnvironmentInitiator.java:392)
	at org.hibernate.engine.jdbc.env.internal.JdbcEnvironmentInitiator.initiateService(JdbcEnvironmentInitiator.java:129)
	at org.hibernate.engine.jdbc.env.internal.JdbcEnvironmentInitiator.initiateService(JdbcEnvironmentInitiator.java:81)
	at org.hibernate.boot.registry.internal.StandardServiceRegistryImpl.initiateService(StandardServiceRegistryImpl.java:130)
	at org.hibernate.service.internal.AbstractServiceRegistryImpl.createService(AbstractServiceRegistryImpl.java:263)
	... 30 common frames omitted
2025-05-04 12:33:29 INFO  o.h.validator.internal.util.Version - HV000001: Hibernate Validator 8.0.2.Final
2025-05-04 12:33:29 INFO  com.project.LMS.LmsApplication - Starting LmsApplication using Java 21.0.2 with PID 17372 (C:\Users\2393146\Downloads\LMS-Backend\LMS-backend\target\classes started by 2393146 in C:\Users\2393146\Downloads\LMS-Backend\LMS-backend)
2025-05-04 12:33:29 DEBUG com.project.LMS.LmsApplication - Running with Spring Boot v3.4.5, Spring v6.2.6
2025-05-04 12:33:29 INFO  com.project.LMS.LmsApplication - No active profile set, falling back to 1 default profile: "default"
2025-05-04 12:33:30 INFO  o.s.d.r.c.RepositoryConfigurationDelegate - Bootstrapping Spring Data JPA repositories in DEFAULT mode.
2025-05-04 12:33:30 INFO  o.s.d.r.c.RepositoryConfigurationDelegate - Finished Spring Data repository scanning in 81 ms. Found 5 JPA repository interfaces.
2025-05-04 12:33:31 INFO  o.s.b.w.e.tomcat.TomcatWebServer - Tomcat initialized with port 2025 (http)
2025-05-04 12:33:31 INFO  o.a.coyote.http11.Http11NioProtocol - Initializing ProtocolHandler ["http-nio-2025"]
2025-05-04 12:33:31 INFO  o.a.catalina.core.StandardService - Starting service [Tomcat]
2025-05-04 12:33:31 INFO  o.a.catalina.core.StandardEngine - Starting Servlet engine: [Apache Tomcat/10.1.40]
2025-05-04 12:33:31 INFO  o.a.c.c.C.[Tomcat].[localhost].[/] - Initializing Spring embedded WebApplicationContext
2025-05-04 12:33:31 INFO  o.s.b.w.s.c.ServletWebServerApplicationContext - Root WebApplicationContext: initialization completed in 2163 ms
2025-05-04 12:33:31 INFO  o.h.jpa.internal.util.LogHelper - HHH000204: Processing PersistenceUnitInfo [name: default]
2025-05-04 12:33:32 INFO  org.hibernate.Version - HHH000412: Hibernate ORM core version 6.6.13.Final
2025-05-04 12:33:32 INFO  o.h.c.i.RegionFactoryInitiator - HHH000026: Second-level cache disabled
2025-05-04 12:33:32 INFO  o.s.o.j.p.SpringPersistenceUnitInfo - No LoadTimeWeaver setup: ignoring JPA class transformer
2025-05-04 12:33:32 INFO  com.zaxxer.hikari.HikariDataSource - HikariPool-1 - Starting...
2025-05-04 12:33:32 INFO  com.zaxxer.hikari.pool.HikariPool - HikariPool-1 - Added connection oracle.jdbc.driver.T4CConnection@74ce7fdf
2025-05-04 12:33:32 INFO  com.zaxxer.hikari.HikariDataSource - HikariPool-1 - Start completed.
2025-05-04 12:33:33 WARN  org.hibernate.dialect.Dialect - HHH000511: The 11.2.0 version for [org.hibernate.dialect.OracleDialect] is no longer supported, hence certain features may not work properly. The minimum supported version is 19.0.0. Check the community dialects project for available legacy versions.
2025-05-04 12:33:33 INFO  o.hibernate.orm.connections.pooling - HHH10001005: Database info:
	Database JDBC URL [Connecting through datasource 'HikariDataSource (HikariPool-1)']
	Database driver: undefined/unknown
	Database version: 11.2
	Autocommit mode: undefined/unknown
	Isolation level: undefined/unknown
	Minimum pool size: undefined/unknown
	Maximum pool size: undefined/unknown
2025-05-04 12:33:34 DEBUG org.hibernate.SQL - create global temporary table HTE_quiz(marks number(10,0), min_pass_score number(10,0), rn_ number(10,0) not null, quiz_id number(19,0), questions varchar2(255 char), quiz_name varchar2(255 char), primary key (rn_)) on commit delete rows
2025-05-04 12:33:34 INFO  o.h.e.t.j.p.i.JtaPlatformInitiator - HHH000489: No JTA platform available (set 'hibernate.transaction.jta.platform' to enable JTA platform integration)
2025-05-04 12:33:34 INFO  o.s.o.j.LocalContainerEntityManagerFactoryBean - Initialized JPA EntityManagerFactory for persistence unit 'default'
2025-05-04 12:33:35 INFO  o.s.d.j.r.query.QueryEnhancerFactory - Hibernate is in classpath; If applicable, HQL parser will be used.
2025-05-04 12:33:35 WARN  o.s.b.a.o.j.JpaBaseConfiguration$JpaWebConfiguration - spring.jpa.open-in-view is enabled by default. Therefore, database queries may be performed during view rendering. Explicitly configure spring.jpa.open-in-view to disable this warning
2025-05-04 12:33:36 INFO  o.a.coyote.http11.Http11NioProtocol - Starting ProtocolHandler ["http-nio-2025"]
2025-05-04 12:33:36 INFO  o.s.b.w.e.tomcat.TomcatWebServer - Tomcat started on port 2025 (http) with context path '/'
2025-05-04 12:33:36 INFO  com.project.LMS.LmsApplication - Started LmsApplication in 7.48 seconds (process running for 8.303)
2025-05-04 12:33:43 INFO  o.a.c.c.C.[Tomcat].[localhost].[/] - Initializing Spring DispatcherServlet 'dispatcherServlet'
2025-05-04 12:33:43 INFO  o.s.web.servlet.DispatcherServlet - Initializing Servlet 'dispatcherServlet'
2025-05-04 12:33:43 INFO  o.s.web.servlet.DispatcherServlet - Completed initialization in 0 ms
2025-05-04 12:33:43 INFO  c.p.LMS.controller.QuizController - Creating new quiz
2025-05-04 12:33:43 DEBUG org.hibernate.SQL - select quiz_seq.nextval from dual
2025-05-04 12:33:43 DEBUG org.hibernate.SQL - insert into quiz (marks,min_pass_score,questions,quiz_name,quiz_id) values (?,?,?,?,?)
2025-05-04 12:33:49 INFO  c.p.L.controller.QuestionController - Fetching all questions
2025-05-04 12:33:49 DEBUG org.hibernate.SQL - select q1_0.question_id,q1_0.answer_option,q1_0.option1,q1_0.option2,q1_0.option3,q1_0.option4,q1_0.question_descrioption,q1_0.quiz_quiz_id from questions q1_0
2025-05-04 12:34:08 INFO  c.p.L.controller.QuestionController - Fetching all questions
2025-05-04 12:34:08 DEBUG org.hibernate.SQL - select q1_0.question_id,q1_0.answer_option,q1_0.option1,q1_0.option2,q1_0.option3,q1_0.option4,q1_0.question_descrioption,q1_0.quiz_quiz_id from questions q1_0
2025-05-04 12:34:18 INFO  c.p.L.controller.QuestionController - Fetching all questions
2025-05-04 12:34:18 DEBUG org.hibernate.SQL - select q1_0.question_id,q1_0.answer_option,q1_0.option1,q1_0.option2,q1_0.option3,q1_0.option4,q1_0.question_descrioption,q1_0.quiz_quiz_id from questions q1_0
2025-05-04 12:34:24 INFO  c.p.L.controller.QuestionController - Fetching all questions
2025-05-04 12:34:24 DEBUG org.hibernate.SQL - select q1_0.question_id,q1_0.answer_option,q1_0.option1,q1_0.option2,q1_0.option3,q1_0.option4,q1_0.question_descrioption,q1_0.quiz_quiz_id from questions q1_0
2025-05-04 12:34:29 INFO  c.p.L.controller.QuestionController - Fetching all questions
2025-05-04 12:34:29 DEBUG org.hibernate.SQL - select q1_0.question_id,q1_0.answer_option,q1_0.option1,q1_0.option2,q1_0.option3,q1_0.option4,q1_0.question_descrioption,q1_0.quiz_quiz_id from questions q1_0
2025-05-04 12:34:33 INFO  c.p.L.controller.QuestionController - Fetching all questions
2025-05-04 12:34:33 DEBUG org.hibernate.SQL - select q1_0.question_id,q1_0.answer_option,q1_0.option1,q1_0.option2,q1_0.option3,q1_0.option4,q1_0.question_descrioption,q1_0.quiz_quiz_id from questions q1_0
2025-05-04 13:43:22 WARN  com.zaxxer.hikari.pool.HikariPool - HikariPool-1 - Thread starvation or clock leap detected (housekeeper delta=58m18s782ms819µs500ns).
2025-05-04 14:43:29 INFO  o.a.coyote.http11.Http11Processor - Error parsing HTTP request header
 Note: further occurrences of HTTP request parsing errors will be logged at DEBUG level.
java.lang.IllegalArgumentException: Invalid character found in method name [0x160x030x030x010xf40x010x000x010xf00x030x030xb20xe70xc4h0xaa0xb10x916~&0xeb0x09"k0x1d0x9fF0xa90xe00xb7u0x990xc20xd0"A0xfdU0xdb0x0b}0xda0x000x01|0x000x000x000x010x000x020x000x030x000x040x000x050x000x060x000x070x000x080x000x090x000x0a0x000x0b0x000x0c0x000x0d0x000x0e0x000x0f0x000x100x000x110x000x120x000x130x000x140x000x150x000x160x000x170x000x180x000x190x000x1a0x000x1b0x00/0x0000x0010x0020x0030x0040x0050x0060x0070x0080x0090x00:0x00;0x00<0x00=0x00>0x00?0x00@0x00A0x00B0x00C0x00D0x00E0x00F0x00g0x00h0x00i0x00j0x00k0x00l0x00m0x000x840x000x850x000x860x000x870x000x880x000x890x000x960x000x970x000x980x000x990x000x9a0x000x9b0x000x9c0x000x9d0x000x9e0x000x9f0x000xa00x000xa10x000xa20x000xa30x000xa40x000xa50x000xa60x000xa70x000xba0x000xbb0x000xbc0x000xbd0x000xbe0x000xbf0x000xc00x000xc10x000xc20x000xc30x000xc40x000xc50x130x010x130x020x130x030x130x040x130x050xc00x010xc00x020xc00x030xc00x040xc00x050xc00x060xc00x070xc00x080xc00x090xc00x0a0xc00x0b0xc00x0c0xc00x0d0xc00x0e0xc00x0f0xc00x100xc00x110xc00x120xc00x130xc00x140xc00x150xc00x160xc00x170xc00x180xc00x190xc0#0xc0$0xc0%0xc0&0xc0'0xc0(0xc0)0xc0*0xc0+0xc0,0xc0-0xc0.0xc0/0xc000xc010xc020xc0r0xc0s0xc0t0xc0u0xc0v0xc0w0xc0x0xc0y0xc0z0xc0{0xc0|0xc0}0xc0~0xc00x7f0xc00x800xc00x810xc00x820xc00x830xc00x840xc00x850xc00x860xc00x870xc00x880xc00x890xc00x8a0xc00x8b0xc00x8c0xc00x8d0xc00x8e0xc00x8f0xc00x900xc00x910xc00x920xc00x930xc00x940xc00x950xc00x960xc00x970xc00x980xc00x990xc00x9a0xc00x9b0xcc0xa80xcc0xa90xcc0xaa0xcc0xab0xcc0xac0xcc0xad0xcc0xae0x020x000x010x00J0x000x0a0x000x0a0x000x080x000x170x000x190x000x180x000x160x000x0b0x000x040x030x000x010x020x000x0d0x0000x00.0x040x030x050x030x060x030x080x070x080x080x080x1a0x080x1b0x080x1c0x080x090x080x0a0x080x0b0x080x040x080x050x080x060x040x010x050x010x060x010x030x030x030x010x030x020x040x020x050x020x060x02...]. HTTP method names must be tokens
	at org.apache.coyote.http11.Http11InputBuffer.parseRequestLine(Http11InputBuffer.java:403)
	at org.apache.coyote.http11.Http11Processor.service(Http11Processor.java:271)
	at org.apache.coyote.AbstractProcessorLight.process(AbstractProcessorLight.java:63)
	at org.apache.coyote.AbstractProtocol$ConnectionHandler.process(AbstractProtocol.java:903)
	at org.apache.tomcat.util.net.NioEndpoint$SocketProcessor.doRun(NioEndpoint.java:1740)
	at org.apache.tomcat.util.net.SocketProcessorBase.run(SocketProcessorBase.java:52)
	at org.apache.tomcat.util.threads.ThreadPoolExecutor.runWorker(ThreadPoolExecutor.java:1189)
	at org.apache.tomcat.util.threads.ThreadPoolExecutor$Worker.run(ThreadPoolExecutor.java:658)
	at org.apache.tomcat.util.threads.TaskThread$WrappingRunnable.run(TaskThread.java:63)
	at java.base/java.lang.Thread.run(Thread.java:1583)
2025-05-04 14:43:30 WARN  com.zaxxer.hikari.pool.HikariPool - HikariPool-1 - Thread starvation or clock leap detected (housekeeper delta=50m7s902ms101µs).
2025-05-04 14:43:54 INFO  o.s.b.w.e.tomcat.GracefulShutdown - Commencing graceful shutdown. Waiting for active requests to complete
2025-05-04 14:43:54 INFO  o.s.b.w.e.tomcat.GracefulShutdown - Graceful shutdown complete
2025-05-04 14:43:54 INFO  o.s.o.j.LocalContainerEntityManagerFactoryBean - Closing JPA EntityManagerFactory for persistence unit 'default'
2025-05-04 14:43:54 INFO  com.zaxxer.hikari.HikariDataSource - HikariPool-1 - Shutdown initiated...
2025-05-04 14:43:54 INFO  com.zaxxer.hikari.HikariDataSource - HikariPool-1 - Shutdown completed.
2025-05-04 14:57:56 INFO  o.h.validator.internal.util.Version - HV000001: Hibernate Validator 8.0.2.Final
2025-05-04 14:57:57 INFO  com.project.LMS.LmsApplication - Starting LmsApplication using Java 21.0.2 with PID 25876 (C:\Users\2393146\Downloads\LMS-Backend\LMS-backend\target\classes started by 2393146 in C:\Users\2393146\Downloads\LMS-Backend\LMS-backend)
2025-05-04 14:57:57 DEBUG com.project.LMS.LmsApplication - Running with Spring Boot v3.4.5, Spring v6.2.6
2025-05-04 14:57:57 INFO  com.project.LMS.LmsApplication - No active profile set, falling back to 1 default profile: "default"
2025-05-04 14:57:58 INFO  o.s.d.r.c.RepositoryConfigurationDelegate - Bootstrapping Spring Data JPA repositories in DEFAULT mode.
2025-05-04 14:57:58 INFO  o.s.d.r.c.RepositoryConfigurationDelegate - Finished Spring Data repository scanning in 82 ms. Found 5 JPA repository interfaces.
2025-05-04 14:57:58 INFO  o.s.b.w.e.tomcat.TomcatWebServer - Tomcat initialized with port 2025 (http)
2025-05-04 14:57:59 INFO  o.a.coyote.http11.Http11NioProtocol - Initializing ProtocolHandler ["http-nio-2025"]
2025-05-04 14:57:59 INFO  o.a.catalina.core.StandardService - Starting service [Tomcat]
2025-05-04 14:57:59 INFO  o.a.catalina.core.StandardEngine - Starting Servlet engine: [Apache Tomcat/10.1.40]
2025-05-04 14:57:59 INFO  o.a.c.c.C.[Tomcat].[localhost].[/] - Initializing Spring embedded WebApplicationContext
2025-05-04 14:57:59 INFO  o.s.b.w.s.c.ServletWebServerApplicationContext - Root WebApplicationContext: initialization completed in 2001 ms
2025-05-04 14:57:59 INFO  o.h.jpa.internal.util.LogHelper - HHH000204: Processing PersistenceUnitInfo [name: default]
2025-05-04 14:57:59 INFO  org.hibernate.Version - HHH000412: Hibernate ORM core version 6.6.13.Final
2025-05-04 14:57:59 INFO  o.h.c.i.RegionFactoryInitiator - HHH000026: Second-level cache disabled
2025-05-04 14:58:00 INFO  o.s.o.j.p.SpringPersistenceUnitInfo - No LoadTimeWeaver setup: ignoring JPA class transformer
2025-05-04 14:58:00 INFO  com.zaxxer.hikari.HikariDataSource - HikariPool-1 - Starting...
2025-05-04 14:58:00 INFO  com.zaxxer.hikari.pool.HikariPool - HikariPool-1 - Added connection oracle.jdbc.driver.T4CConnection@640a8f93
2025-05-04 14:58:00 INFO  com.zaxxer.hikari.HikariDataSource - HikariPool-1 - Start completed.
2025-05-04 14:58:00 WARN  org.hibernate.dialect.Dialect - HHH000511: The 11.2.0 version for [org.hibernate.dialect.OracleDialect] is no longer supported, hence certain features may not work properly. The minimum supported version is 19.0.0. Check the community dialects project for available legacy versions.
2025-05-04 14:58:00 INFO  o.hibernate.orm.connections.pooling - HHH10001005: Database info:
	Database JDBC URL [Connecting through datasource 'HikariDataSource (HikariPool-1)']
	Database driver: undefined/unknown
	Database version: 11.2
	Autocommit mode: undefined/unknown
	Isolation level: undefined/unknown
	Minimum pool size: undefined/unknown
	Maximum pool size: undefined/unknown
2025-05-04 14:58:01 DEBUG org.hibernate.SQL - create global temporary table HTE_quiz(marks number(10,0), min_pass_score number(10,0), rn_ number(10,0) not null, quiz_id number(19,0), questions varchar2(255 char), quiz_name varchar2(255 char), primary key (rn_)) on commit delete rows
2025-05-04 14:58:02 INFO  o.h.e.t.j.p.i.JtaPlatformInitiator - HHH000489: No JTA platform available (set 'hibernate.transaction.jta.platform' to enable JTA platform integration)
2025-05-04 14:58:02 INFO  o.s.o.j.LocalContainerEntityManagerFactoryBean - Initialized JPA EntityManagerFactory for persistence unit 'default'
2025-05-04 14:58:02 INFO  o.s.d.j.r.query.QueryEnhancerFactory - Hibernate is in classpath; If applicable, HQL parser will be used.
2025-05-04 14:58:02 WARN  o.s.b.w.s.c.AnnotationConfigServletWebServerApplicationContext - Exception encountered during context initialization - cancelling refresh attempt: org.springframework.beans.factory.UnsatisfiedDependencyException: Error creating bean with name 'enrollmentController': Unsatisfied dependency expressed through field 'progressTracking': No qualifying bean of type 'com.project.LMS.service.ProgressTracking' available: expected at least 1 bean which qualifies as autowire candidate. Dependency annotations: {@org.springframework.beans.factory.annotation.Autowired(required=true)}
2025-05-04 14:58:02 INFO  o.s.o.j.LocalContainerEntityManagerFactoryBean - Closing JPA EntityManagerFactory for persistence unit 'default'
2025-05-04 14:58:02 INFO  com.zaxxer.hikari.HikariDataSource - HikariPool-1 - Shutdown initiated...
2025-05-04 14:58:02 INFO  com.zaxxer.hikari.HikariDataSource - HikariPool-1 - Shutdown completed.
2025-05-04 14:58:02 INFO  o.a.catalina.core.StandardService - Stopping service [Tomcat]
2025-05-04 14:58:02 INFO  o.s.b.a.l.ConditionEvaluationReportLogger - 

Error starting ApplicationContext. To display the condition evaluation report re-run your application with 'debug' enabled.
2025-05-04 14:58:02 ERROR o.s.b.d.LoggingFailureAnalysisReporter - 

***************************
APPLICATION FAILED TO START
***************************

Description:

Field progressTracking in com.project.LMS.controller.EnrollmentController required a bean of type 'com.project.LMS.service.ProgressTracking' that could not be found.

The injection point has the following annotations:
	- @org.springframework.beans.factory.annotation.Autowired(required=true)


Action:

Consider defining a bean of type 'com.project.LMS.service.ProgressTracking' in your configuration.

2025-05-04 14:59:15 INFO  o.h.validator.internal.util.Version - HV000001: Hibernate Validator 8.0.2.Final
2025-05-04 14:59:15 INFO  com.project.LMS.LmsApplication - Starting LmsApplication using Java 21.0.2 with PID 25348 (C:\Users\2393146\Downloads\LMS-Backend\LMS-backend\target\classes started by 2393146 in C:\Users\2393146\Downloads\LMS-Backend\LMS-backend)
2025-05-04 14:59:15 DEBUG com.project.LMS.LmsApplication - Running with Spring Boot v3.4.5, Spring v6.2.6
2025-05-04 14:59:15 INFO  com.project.LMS.LmsApplication - No active profile set, falling back to 1 default profile: "default"
2025-05-04 14:59:16 INFO  o.s.d.r.c.RepositoryConfigurationDelegate - Bootstrapping Spring Data JPA repositories in DEFAULT mode.
2025-05-04 14:59:16 INFO  o.s.d.r.c.RepositoryConfigurationDelegate - Finished Spring Data repository scanning in 62 ms. Found 5 JPA repository interfaces.
2025-05-04 14:59:16 INFO  o.s.b.w.e.tomcat.TomcatWebServer - Tomcat initialized with port 2025 (http)
2025-05-04 14:59:17 INFO  o.a.coyote.http11.Http11NioProtocol - Initializing ProtocolHandler ["http-nio-2025"]
2025-05-04 14:59:17 INFO  o.a.catalina.core.StandardService - Starting service [Tomcat]
2025-05-04 14:59:17 INFO  o.a.catalina.core.StandardEngine - Starting Servlet engine: [Apache Tomcat/10.1.40]
2025-05-04 14:59:17 INFO  o.a.c.c.C.[Tomcat].[localhost].[/] - Initializing Spring embedded WebApplicationContext
2025-05-04 14:59:17 INFO  o.s.b.w.s.c.ServletWebServerApplicationContext - Root WebApplicationContext: initialization completed in 1876 ms
2025-05-04 14:59:17 INFO  o.h.jpa.internal.util.LogHelper - HHH000204: Processing PersistenceUnitInfo [name: default]
2025-05-04 14:59:17 INFO  org.hibernate.Version - HHH000412: Hibernate ORM core version 6.6.13.Final
2025-05-04 14:59:17 INFO  o.h.c.i.RegionFactoryInitiator - HHH000026: Second-level cache disabled
2025-05-04 14:59:17 INFO  o.s.o.j.p.SpringPersistenceUnitInfo - No LoadTimeWeaver setup: ignoring JPA class transformer
2025-05-04 14:59:17 INFO  com.zaxxer.hikari.HikariDataSource - HikariPool-1 - Starting...
2025-05-04 14:59:18 INFO  com.zaxxer.hikari.pool.HikariPool - HikariPool-1 - Added connection oracle.jdbc.driver.T4CConnection@1410d645
2025-05-04 14:59:18 INFO  com.zaxxer.hikari.HikariDataSource - HikariPool-1 - Start completed.
2025-05-04 14:59:18 WARN  org.hibernate.dialect.Dialect - HHH000511: The 11.2.0 version for [org.hibernate.dialect.OracleDialect] is no longer supported, hence certain features may not work properly. The minimum supported version is 19.0.0. Check the community dialects project for available legacy versions.
2025-05-04 14:59:18 INFO  o.hibernate.orm.connections.pooling - HHH10001005: Database info:
	Database JDBC URL [Connecting through datasource 'HikariDataSource (HikariPool-1)']
	Database driver: undefined/unknown
	Database version: 11.2
	Autocommit mode: undefined/unknown
	Isolation level: undefined/unknown
	Minimum pool size: undefined/unknown
	Maximum pool size: undefined/unknown
2025-05-04 14:59:19 DEBUG org.hibernate.SQL - create global temporary table HTE_quiz(marks number(10,0), min_pass_score number(10,0), rn_ number(10,0) not null, quiz_id number(19,0), questions varchar2(255 char), quiz_name varchar2(255 char), primary key (rn_)) on commit delete rows
2025-05-04 14:59:19 INFO  o.h.e.t.j.p.i.JtaPlatformInitiator - HHH000489: No JTA platform available (set 'hibernate.transaction.jta.platform' to enable JTA platform integration)
2025-05-04 14:59:19 INFO  o.s.o.j.LocalContainerEntityManagerFactoryBean - Initialized JPA EntityManagerFactory for persistence unit 'default'
2025-05-04 14:59:20 INFO  o.s.d.j.r.query.QueryEnhancerFactory - Hibernate is in classpath; If applicable, HQL parser will be used.
2025-05-04 14:59:20 WARN  o.s.b.a.o.j.JpaBaseConfiguration$JpaWebConfiguration - spring.jpa.open-in-view is enabled by default. Therefore, database queries may be performed during view rendering. Explicitly configure spring.jpa.open-in-view to disable this warning
2025-05-04 14:59:20 INFO  o.a.coyote.http11.Http11NioProtocol - Starting ProtocolHandler ["http-nio-2025"]
2025-05-04 14:59:20 INFO  o.s.b.w.e.tomcat.TomcatWebServer - Tomcat started on port 2025 (http) with context path '/'
2025-05-04 14:59:20 INFO  com.project.LMS.LmsApplication - Started LmsApplication in 6.199 seconds (process running for 6.854)
2025-05-04 14:59:38 INFO  o.a.c.c.C.[Tomcat].[localhost].[/] - Initializing Spring DispatcherServlet 'dispatcherServlet'
2025-05-04 14:59:38 INFO  o.s.web.servlet.DispatcherServlet - Initializing Servlet 'dispatcherServlet'
2025-05-04 14:59:38 INFO  o.s.web.servlet.DispatcherServlet - Completed initialization in 1 ms
2025-05-04 14:59:38 WARN  o.s.w.s.m.s.DefaultHandlerExceptionResolver - Resolved [org.springframework.web.method.annotation.MethodArgumentTypeMismatchException: Method parameter 'id': Failed to convert value of type 'java.lang.String' to required type 'java.lang.Long'; For input string: "leadeboard"]
2025-05-04 15:00:19 INFO  c.p.L.c.EnrollmentController - Request to get leaderboard
2025-05-04 15:00:19 DEBUG org.hibernate.SQL - SELECT * FROM (  SELECT u.name as userName, CAST(AVG(e.progress) AS DECIMAL(10,2)) as averageProgress   FROM enrollment e   JOIN users u ON e.user_id = u.user_id   GROUP BY u.name   ORDER BY AVG(e.progress) DESC) WHERE ROWNUM <= 4
2025-05-04 15:00:32 INFO  c.p.L.c.EnrollmentController - Request to get progress tracking
2025-05-04 15:00:32 DEBUG org.hibernate.SQL - SELECT * FROM (  SELECT u.name as userName, CAST(AVG(e.progress) AS DECIMAL(10,2)) as averageProgress   FROM enrollment e   JOIN users u ON e.user_id = u.user_id   GROUP BY u.name   ORDER BY AVG(e.progress) DESC)
2025-05-04 15:01:03 INFO  c.p.LMS.controller.UserController - Creating new user
2025-05-04 15:01:03 DEBUG org.hibernate.SQL - select user_seq.nextval from dual
2025-05-04 15:01:03 DEBUG org.hibernate.SQL - insert into users (email,name,password,role,user_id) values (?,?,?,?,?)
2025-05-04 15:01:08 INFO  c.p.L.c.EnrollmentController - Request to get progress tracking
2025-05-04 15:01:08 DEBUG org.hibernate.SQL - SELECT * FROM (  SELECT u.name as userName, CAST(AVG(e.progress) AS DECIMAL(10,2)) as averageProgress   FROM enrollment e   JOIN users u ON e.user_id = u.user_id   GROUP BY u.name   ORDER BY AVG(e.progress) DESC)
2025-05-04 15:01:28 INFO  c.p.L.c.EnrollmentController - Creating new enrollment
2025-05-04 15:01:28 DEBUG org.hibernate.SQL - select c1_0.course_id,c1_0.description,c1_0.prerequisites,c1_0.quiz_ids,c1_0.title,c1_0.video_url from course c1_0 where c1_0.course_id=?
2025-05-04 15:01:28 DEBUG org.hibernate.SQL - select u1_0.user_id,u1_0.email,u1_0.name,u1_0.password,u1_0.role from users u1_0 where u1_0.user_id=?
2025-05-04 15:01:28 DEBUG org.hibernate.SQL - select enrollment_seq.nextval from dual
2025-05-04 15:01:28 DEBUG org.hibernate.SQL - insert into enrollment (course_id,enrollment_date,progress,user_id,enrollment_id) values (?,?,?,?,?)
2025-05-04 15:01:32 INFO  c.p.L.c.EnrollmentController - Request to get progress tracking
2025-05-04 15:01:32 DEBUG org.hibernate.SQL - SELECT * FROM (  SELECT u.name as userName, CAST(AVG(e.progress) AS DECIMAL(10,2)) as averageProgress   FROM enrollment e   JOIN users u ON e.user_id = u.user_id   GROUP BY u.name   ORDER BY AVG(e.progress) DESC)
2025-05-04 15:06:27 INFO  o.s.b.w.e.tomcat.GracefulShutdown - Commencing graceful shutdown. Waiting for active requests to complete
2025-05-04 15:06:27 INFO  o.s.b.w.e.tomcat.GracefulShutdown - Graceful shutdown complete
2025-05-04 15:06:27 INFO  o.s.o.j.LocalContainerEntityManagerFactoryBean - Closing JPA EntityManagerFactory for persistence unit 'default'
2025-05-04 15:06:27 INFO  com.zaxxer.hikari.HikariDataSource - HikariPool-1 - Shutdown initiated...
2025-05-04 15:06:27 INFO  com.zaxxer.hikari.HikariDataSource - HikariPool-1 - Shutdown completed.
2025-05-04 15:06:35 INFO  o.h.validator.internal.util.Version - HV000001: Hibernate Validator 8.0.2.Final
2025-05-04 15:06:35 INFO  com.project.LMS.LmsApplication - Starting LmsApplication using Java 21.0.2 with PID 15272 (C:\Users\2393146\Downloads\LMS-Backend\LMS-backend\target\classes started by 2393146 in C:\Users\2393146\Downloads\LMS-Backend\LMS-backend)
2025-05-04 15:06:35 DEBUG com.project.LMS.LmsApplication - Running with Spring Boot v3.4.5, Spring v6.2.6
2025-05-04 15:06:35 INFO  com.project.LMS.LmsApplication - No active profile set, falling back to 1 default profile: "default"
2025-05-04 15:06:36 INFO  o.s.d.r.c.RepositoryConfigurationDelegate - Bootstrapping Spring Data JPA repositories in DEFAULT mode.
2025-05-04 15:06:36 INFO  o.s.d.r.c.RepositoryConfigurationDelegate - Finished Spring Data repository scanning in 57 ms. Found 5 JPA repository interfaces.
2025-05-04 15:06:37 INFO  o.s.b.w.e.tomcat.TomcatWebServer - Tomcat initialized with port 2025 (http)
2025-05-04 15:06:37 INFO  o.a.coyote.http11.Http11NioProtocol - Initializing ProtocolHandler ["http-nio-2025"]
2025-05-04 15:06:37 INFO  o.a.catalina.core.StandardService - Starting service [Tomcat]
2025-05-04 15:06:37 INFO  o.a.catalina.core.StandardEngine - Starting Servlet engine: [Apache Tomcat/10.1.40]
2025-05-04 15:06:37 INFO  o.a.c.c.C.[Tomcat].[localhost].[/] - Initializing Spring embedded WebApplicationContext
2025-05-04 15:06:37 INFO  o.s.b.w.s.c.ServletWebServerApplicationContext - Root WebApplicationContext: initialization completed in 1925 ms
2025-05-04 15:06:37 INFO  o.h.jpa.internal.util.LogHelper - HHH000204: Processing PersistenceUnitInfo [name: default]
2025-05-04 15:06:37 INFO  org.hibernate.Version - HHH000412: Hibernate ORM core version 6.6.13.Final
2025-05-04 15:06:37 INFO  o.h.c.i.RegionFactoryInitiator - HHH000026: Second-level cache disabled
2025-05-04 15:06:38 INFO  o.s.o.j.p.SpringPersistenceUnitInfo - No LoadTimeWeaver setup: ignoring JPA class transformer
2025-05-04 15:06:38 INFO  com.zaxxer.hikari.HikariDataSource - HikariPool-1 - Starting...
2025-05-04 15:06:38 INFO  com.zaxxer.hikari.pool.HikariPool - HikariPool-1 - Added connection oracle.jdbc.driver.T4CConnection@1a0d313
2025-05-04 15:06:38 INFO  com.zaxxer.hikari.HikariDataSource - HikariPool-1 - Start completed.
2025-05-04 15:06:38 WARN  org.hibernate.dialect.Dialect - HHH000511: The 11.2.0 version for [org.hibernate.dialect.OracleDialect] is no longer supported, hence certain features may not work properly. The minimum supported version is 19.0.0. Check the community dialects project for available legacy versions.
2025-05-04 15:06:38 INFO  o.hibernate.orm.connections.pooling - HHH10001005: Database info:
	Database JDBC URL [Connecting through datasource 'HikariDataSource (HikariPool-1)']
	Database driver: undefined/unknown
	Database version: 11.2
	Autocommit mode: undefined/unknown
	Isolation level: undefined/unknown
	Minimum pool size: undefined/unknown
	Maximum pool size: undefined/unknown
2025-05-04 15:06:39 DEBUG org.hibernate.SQL - create global temporary table HTE_quiz(marks number(10,0), min_pass_score number(10,0), rn_ number(10,0) not null, quiz_id number(19,0), questions varchar2(255 char), quiz_name varchar2(255 char), primary key (rn_)) on commit delete rows
2025-05-04 15:06:39 INFO  o.h.e.t.j.p.i.JtaPlatformInitiator - HHH000489: No JTA platform available (set 'hibernate.transaction.jta.platform' to enable JTA platform integration)
2025-05-04 15:06:39 INFO  o.s.o.j.LocalContainerEntityManagerFactoryBean - Initialized JPA EntityManagerFactory for persistence unit 'default'
2025-05-04 15:06:40 INFO  o.s.d.j.r.query.QueryEnhancerFactory - Hibernate is in classpath; If applicable, HQL parser will be used.
2025-05-04 15:06:40 WARN  o.s.b.a.o.j.JpaBaseConfiguration$JpaWebConfiguration - spring.jpa.open-in-view is enabled by default. Therefore, database queries may be performed during view rendering. Explicitly configure spring.jpa.open-in-view to disable this warning
2025-05-04 15:06:41 INFO  o.a.coyote.http11.Http11NioProtocol - Starting ProtocolHandler ["http-nio-2025"]
2025-05-04 15:06:41 INFO  o.s.b.w.e.tomcat.TomcatWebServer - Tomcat started on port 2025 (http) with context path '/'
2025-05-04 15:06:41 INFO  com.project.LMS.LmsApplication - Started LmsApplication in 6.449 seconds (process running for 7.089)
2025-05-04 15:06:51 INFO  o.a.c.c.C.[Tomcat].[localhost].[/] - Initializing Spring DispatcherServlet 'dispatcherServlet'
2025-05-04 15:06:51 INFO  o.s.web.servlet.DispatcherServlet - Initializing Servlet 'dispatcherServlet'
2025-05-04 15:06:51 INFO  o.s.web.servlet.DispatcherServlet - Completed initialization in 0 ms
2025-05-04 15:06:52 INFO  c.p.L.c.EnrollmentController - Request to get progress tracking
2025-05-04 15:06:52 DEBUG org.hibernate.SQL - SELECT * FROM (  SELECT u.name as userName, u.email as userEmail,   CAST(AVG(e.progress) AS DECIMAL(10,2)) as averageProgress,   COUNT(e.enrollment_id) as courseCount   FROM enrollment e   JOIN users u ON e.user_id = u.user_id   GROUP BY u.name, u.email   ORDER BY COUNT(e.enrollment_id) DESC, AVG(e.progress) DESC)
2025-05-04 15:06:52 ERROR c.p.L.c.EnrollmentController - Error retrieving leaderboard
java.lang.ClassCastException: class java.lang.String cannot be cast to class java.lang.Number (java.lang.String and java.lang.Number are in module java.base of loader 'bootstrap')
	at com.project.LMS.service.ProgressTracking.getProgressTracking(ProgressTracking.java:21)
	at com.project.LMS.controller.EnrollmentController.getProgressTracking(EnrollmentController.java:122)
	at java.base/jdk.internal.reflect.DirectMethodHandleAccessor.invoke(DirectMethodHandleAccessor.java:103)
	at java.base/java.lang.reflect.Method.invoke(Method.java:580)
	at org.springframework.web.method.support.InvocableHandlerMethod.doInvoke(InvocableHandlerMethod.java:258)
	at org.springframework.web.method.support.InvocableHandlerMethod.invokeForRequest(InvocableHandlerMethod.java:191)
	at org.springframework.web.servlet.mvc.method.annotation.ServletInvocableHandlerMethod.invokeAndHandle(ServletInvocableHandlerMethod.java:118)
	at org.springframework.web.servlet.mvc.method.annotation.RequestMappingHandlerAdapter.invokeHandlerMethod(RequestMappingHandlerAdapter.java:986)
	at org.springframework.web.servlet.mvc.method.annotation.RequestMappingHandlerAdapter.handleInternal(RequestMappingHandlerAdapter.java:891)
	at org.springframework.web.servlet.mvc.method.AbstractHandlerMethodAdapter.handle(AbstractHandlerMethodAdapter.java:87)
	at org.springframework.web.servlet.DispatcherServlet.doDispatch(DispatcherServlet.java:1089)
	at org.springframework.web.servlet.DispatcherServlet.doService(DispatcherServlet.java:979)
	at org.springframework.web.servlet.FrameworkServlet.processRequest(FrameworkServlet.java:1014)
	at org.springframework.web.servlet.FrameworkServlet.doGet(FrameworkServlet.java:903)
	at jakarta.servlet.http.HttpServlet.service(HttpServlet.java:564)
	at org.springframework.web.servlet.FrameworkServlet.service(FrameworkServlet.java:885)
	at jakarta.servlet.http.HttpServlet.service(HttpServlet.java:658)
	at org.apache.catalina.core.ApplicationFilterChain.internalDoFilter(ApplicationFilterChain.java:195)
	at org.apache.catalina.core.ApplicationFilterChain.doFilter(ApplicationFilterChain.java:140)
	at org.apache.tomcat.websocket.server.WsFilter.doFilter(WsFilter.java:51)
	at org.apache.catalina.core.ApplicationFilterChain.internalDoFilter(ApplicationFilterChain.java:164)
	at org.apache.catalina.core.ApplicationFilterChain.doFilter(ApplicationFilterChain.java:140)
	at org.springframework.web.filter.RequestContextFilter.doFilterInternal(RequestContextFilter.java:100)
	at org.springframework.web.filter.OncePerRequestFilter.doFilter(OncePerRequestFilter.java:116)
	at org.apache.catalina.core.ApplicationFilterChain.internalDoFilter(ApplicationFilterChain.java:164)
	at org.apache.catalina.core.ApplicationFilterChain.doFilter(ApplicationFilterChain.java:140)
	at org.springframework.web.filter.FormContentFilter.doFilterInternal(FormContentFilter.java:93)
	at org.springframework.web.filter.OncePerRequestFilter.doFilter(OncePerRequestFilter.java:116)
	at org.apache.catalina.core.ApplicationFilterChain.internalDoFilter(ApplicationFilterChain.java:164)
	at org.apache.catalina.core.ApplicationFilterChain.doFilter(ApplicationFilterChain.java:140)
	at org.springframework.web.filter.CharacterEncodingFilter.doFilterInternal(CharacterEncodingFilter.java:201)
	at org.springframework.web.filter.OncePerRequestFilter.doFilter(OncePerRequestFilter.java:116)
	at org.apache.catalina.core.ApplicationFilterChain.internalDoFilter(ApplicationFilterChain.java:164)
	at org.apache.catalina.core.ApplicationFilterChain.doFilter(ApplicationFilterChain.java:140)
	at org.apache.catalina.core.StandardWrapperValve.invoke(StandardWrapperValve.java:167)
	at org.apache.catalina.core.StandardContextValve.invoke(StandardContextValve.java:90)
	at org.apache.catalina.authenticator.AuthenticatorBase.invoke(AuthenticatorBase.java:483)
	at org.apache.catalina.core.StandardHostValve.invoke(StandardHostValve.java:116)
	at org.apache.catalina.valves.ErrorReportValve.invoke(ErrorReportValve.java:93)
	at org.apache.catalina.core.StandardEngineValve.invoke(StandardEngineValve.java:74)
	at org.apache.catalina.connector.CoyoteAdapter.service(CoyoteAdapter.java:344)
	at org.apache.coyote.http11.Http11Processor.service(Http11Processor.java:398)
	at org.apache.coyote.AbstractProcessorLight.process(AbstractProcessorLight.java:63)
	at org.apache.coyote.AbstractProtocol$ConnectionHandler.process(AbstractProtocol.java:903)
	at org.apache.tomcat.util.net.NioEndpoint$SocketProcessor.doRun(NioEndpoint.java:1740)
	at org.apache.tomcat.util.net.SocketProcessorBase.run(SocketProcessorBase.java:52)
	at org.apache.tomcat.util.threads.ThreadPoolExecutor.runWorker(ThreadPoolExecutor.java:1189)
	at org.apache.tomcat.util.threads.ThreadPoolExecutor$Worker.run(ThreadPoolExecutor.java:658)
	at org.apache.tomcat.util.threads.TaskThread$WrappingRunnable.run(TaskThread.java:63)
	at java.base/java.lang.Thread.run(Thread.java:1583)
2025-05-04 15:12:51 INFO  o.s.b.w.e.tomcat.GracefulShutdown - Commencing graceful shutdown. Waiting for active requests to complete
2025-05-04 15:12:51 INFO  o.s.b.w.e.tomcat.GracefulShutdown - Graceful shutdown complete
2025-05-04 15:12:51 INFO  o.s.o.j.LocalContainerEntityManagerFactoryBean - Closing JPA EntityManagerFactory for persistence unit 'default'
2025-05-04 15:12:51 INFO  com.zaxxer.hikari.HikariDataSource - HikariPool-1 - Shutdown initiated...
2025-05-04 15:12:51 INFO  com.zaxxer.hikari.HikariDataSource - HikariPool-1 - Shutdown completed.
2025-05-04 15:13:33 INFO  o.h.validator.internal.util.Version - HV000001: Hibernate Validator 8.0.2.Final
2025-05-04 15:13:33 INFO  com.project.LMS.LmsApplication - Starting LmsApplication using Java 21.0.2 with PID 25496 (C:\Users\2393146\Downloads\LMS-Backend\LMS-backend\target\classes started by 2393146 in C:\Users\2393146\Downloads\LMS-Backend\LMS-backend)
2025-05-04 15:13:33 DEBUG com.project.LMS.LmsApplication - Running with Spring Boot v3.4.5, Spring v6.2.6
2025-05-04 15:13:33 INFO  com.project.LMS.LmsApplication - No active profile set, falling back to 1 default profile: "default"
2025-05-04 15:13:34 INFO  o.s.d.r.c.RepositoryConfigurationDelegate - Bootstrapping Spring Data JPA repositories in DEFAULT mode.
2025-05-04 15:13:34 INFO  o.s.d.r.c.RepositoryConfigurationDelegate - Finished Spring Data repository scanning in 51 ms. Found 5 JPA repository interfaces.
2025-05-04 15:13:35 INFO  o.s.b.w.e.tomcat.TomcatWebServer - Tomcat initialized with port 2025 (http)
2025-05-04 15:13:35 INFO  o.a.coyote.http11.Http11NioProtocol - Initializing ProtocolHandler ["http-nio-2025"]
2025-05-04 15:13:35 INFO  o.a.catalina.core.StandardService - Starting service [Tomcat]
2025-05-04 15:13:35 INFO  o.a.catalina.core.StandardEngine - Starting Servlet engine: [Apache Tomcat/10.1.40]
2025-05-04 15:13:35 INFO  o.a.c.c.C.[Tomcat].[localhost].[/] - Initializing Spring embedded WebApplicationContext
2025-05-04 15:13:35 INFO  o.s.b.w.s.c.ServletWebServerApplicationContext - Root WebApplicationContext: initialization completed in 1731 ms
2025-05-04 15:13:35 INFO  o.h.jpa.internal.util.LogHelper - HHH000204: Processing PersistenceUnitInfo [name: default]
2025-05-04 15:13:35 INFO  org.hibernate.Version - HHH000412: Hibernate ORM core version 6.6.13.Final
2025-05-04 15:13:35 INFO  o.h.c.i.RegionFactoryInitiator - HHH000026: Second-level cache disabled
2025-05-04 15:13:36 INFO  o.s.o.j.p.SpringPersistenceUnitInfo - No LoadTimeWeaver setup: ignoring JPA class transformer
2025-05-04 15:13:36 INFO  com.zaxxer.hikari.HikariDataSource - HikariPool-1 - Starting...
2025-05-04 15:13:36 INFO  com.zaxxer.hikari.pool.HikariPool - HikariPool-1 - Added connection oracle.jdbc.driver.T4CConnection@2f60cbf2
2025-05-04 15:13:36 INFO  com.zaxxer.hikari.HikariDataSource - HikariPool-1 - Start completed.
2025-05-04 15:13:36 WARN  org.hibernate.dialect.Dialect - HHH000511: The 11.2.0 version for [org.hibernate.dialect.OracleDialect] is no longer supported, hence certain features may not work properly. The minimum supported version is 19.0.0. Check the community dialects project for available legacy versions.
2025-05-04 15:13:36 INFO  o.hibernate.orm.connections.pooling - HHH10001005: Database info:
	Database JDBC URL [Connecting through datasource 'HikariDataSource (HikariPool-1)']
	Database driver: undefined/unknown
	Database version: 11.2
	Autocommit mode: undefined/unknown
	Isolation level: undefined/unknown
	Minimum pool size: undefined/unknown
	Maximum pool size: undefined/unknown
2025-05-04 15:13:37 DEBUG org.hibernate.SQL - create global temporary table HTE_quiz(marks number(10,0), min_pass_score number(10,0), rn_ number(10,0) not null, quiz_id number(19,0), questions varchar2(255 char), quiz_name varchar2(255 char), primary key (rn_)) on commit delete rows
2025-05-04 15:13:37 INFO  o.h.e.t.j.p.i.JtaPlatformInitiator - HHH000489: No JTA platform available (set 'hibernate.transaction.jta.platform' to enable JTA platform integration)
2025-05-04 15:13:37 INFO  o.s.o.j.LocalContainerEntityManagerFactoryBean - Initialized JPA EntityManagerFactory for persistence unit 'default'
2025-05-04 15:13:38 INFO  o.s.d.j.r.query.QueryEnhancerFactory - Hibernate is in classpath; If applicable, HQL parser will be used.
2025-05-04 15:13:38 WARN  o.s.b.a.o.j.JpaBaseConfiguration$JpaWebConfiguration - spring.jpa.open-in-view is enabled by default. Therefore, database queries may be performed during view rendering. Explicitly configure spring.jpa.open-in-view to disable this warning
2025-05-04 15:13:39 INFO  o.a.coyote.http11.Http11NioProtocol - Starting ProtocolHandler ["http-nio-2025"]
2025-05-04 15:13:39 INFO  o.s.b.w.e.tomcat.TomcatWebServer - Tomcat started on port 2025 (http) with context path '/'
2025-05-04 15:13:39 INFO  com.project.LMS.LmsApplication - Started LmsApplication in 6.293 seconds (process running for 7.053)
2025-05-04 15:13:43 INFO  o.a.c.c.C.[Tomcat].[localhost].[/] - Initializing Spring DispatcherServlet 'dispatcherServlet'
2025-05-04 15:13:43 INFO  o.s.web.servlet.DispatcherServlet - Initializing Servlet 'dispatcherServlet'
2025-05-04 15:13:43 INFO  o.s.web.servlet.DispatcherServlet - Completed initialization in 1 ms
2025-05-04 15:13:43 INFO  c.p.L.c.EnrollmentController - Request to get progress tracking
2025-05-04 15:13:43 DEBUG org.hibernate.SQL - SELECT * FROM (  SELECT u.name as userName, u.email as userEmail,   CAST(AVG(e.progress) AS DECIMAL(10,2)) as averageProgress,   COUNT(e.enrollment_id) as courseCount   FROM enrollment e   JOIN users u ON e.user_id = u.user_id   GROUP BY u.name, u.email   ORDER BY COUNT(e.enrollment_id) DESC, AVG(e.progress) DESC)
2025-05-04 15:15:17 INFO  o.s.b.w.e.tomcat.GracefulShutdown - Commencing graceful shutdown. Waiting for active requests to complete
2025-05-04 15:15:17 INFO  o.s.b.w.e.tomcat.GracefulShutdown - Graceful shutdown complete
2025-05-04 15:15:17 INFO  o.s.o.j.LocalContainerEntityManagerFactoryBean - Closing JPA EntityManagerFactory for persistence unit 'default'
2025-05-04 15:15:17 INFO  com.zaxxer.hikari.HikariDataSource - HikariPool-1 - Shutdown initiated...
2025-05-04 15:15:17 INFO  com.zaxxer.hikari.HikariDataSource - HikariPool-1 - Shutdown completed.
2025-05-04 15:15:26 INFO  o.h.validator.internal.util.Version - HV000001: Hibernate Validator 8.0.2.Final
2025-05-04 15:15:26 INFO  com.project.LMS.LmsApplication - Starting LmsApplication using Java 21.0.2 with PID 33068 (C:\Users\2393146\Downloads\LMS-Backend\LMS-backend\target\classes started by 2393146 in C:\Users\2393146\Downloads\LMS-Backend\LMS-backend)
2025-05-04 15:15:26 DEBUG com.project.LMS.LmsApplication - Running with Spring Boot v3.4.5, Spring v6.2.6
2025-05-04 15:15:26 INFO  com.project.LMS.LmsApplication - No active profile set, falling back to 1 default profile: "default"
2025-05-04 15:15:27 INFO  o.s.d.r.c.RepositoryConfigurationDelegate - Bootstrapping Spring Data JPA repositories in DEFAULT mode.
2025-05-04 15:15:27 INFO  o.s.d.r.c.RepositoryConfigurationDelegate - Finished Spring Data repository scanning in 107 ms. Found 5 JPA repository interfaces.
2025-05-04 15:15:28 INFO  o.s.b.w.e.tomcat.TomcatWebServer - Tomcat initialized with port 2025 (http)
2025-05-04 15:15:28 INFO  o.a.coyote.http11.Http11NioProtocol - Initializing ProtocolHandler ["http-nio-2025"]
2025-05-04 15:15:28 INFO  o.a.catalina.core.StandardService - Starting service [Tomcat]
2025-05-04 15:15:28 INFO  o.a.catalina.core.StandardEngine - Starting Servlet engine: [Apache Tomcat/10.1.40]
2025-05-04 15:15:28 INFO  o.a.c.c.C.[Tomcat].[localhost].[/] - Initializing Spring embedded WebApplicationContext
2025-05-04 15:15:28 INFO  o.s.b.w.s.c.ServletWebServerApplicationContext - Root WebApplicationContext: initialization completed in 1942 ms
2025-05-04 15:15:29 INFO  o.h.jpa.internal.util.LogHelper - HHH000204: Processing PersistenceUnitInfo [name: default]
2025-05-04 15:15:29 INFO  org.hibernate.Version - HHH000412: Hibernate ORM core version 6.6.13.Final
2025-05-04 15:15:29 INFO  o.h.c.i.RegionFactoryInitiator - HHH000026: Second-level cache disabled
2025-05-04 15:15:29 INFO  o.s.o.j.p.SpringPersistenceUnitInfo - No LoadTimeWeaver setup: ignoring JPA class transformer
2025-05-04 15:15:29 INFO  com.zaxxer.hikari.HikariDataSource - HikariPool-1 - Starting...
2025-05-04 15:15:29 INFO  com.zaxxer.hikari.pool.HikariPool - HikariPool-1 - Added connection oracle.jdbc.driver.T4CConnection@60816371
2025-05-04 15:15:29 INFO  com.zaxxer.hikari.HikariDataSource - HikariPool-1 - Start completed.
2025-05-04 15:15:30 WARN  org.hibernate.dialect.Dialect - HHH000511: The 11.2.0 version for [org.hibernate.dialect.OracleDialect] is no longer supported, hence certain features may not work properly. The minimum supported version is 19.0.0. Check the community dialects project for available legacy versions.
2025-05-04 15:15:30 INFO  o.hibernate.orm.connections.pooling - HHH10001005: Database info:
	Database JDBC URL [Connecting through datasource 'HikariDataSource (HikariPool-1)']
	Database driver: undefined/unknown
	Database version: 11.2
	Autocommit mode: undefined/unknown
	Isolation level: undefined/unknown
	Minimum pool size: undefined/unknown
	Maximum pool size: undefined/unknown
2025-05-04 15:15:31 DEBUG org.hibernate.SQL - create global temporary table HTE_quiz(marks number(10,0), min_pass_score number(10,0), rn_ number(10,0) not null, quiz_id number(19,0), questions varchar2(255 char), quiz_name varchar2(255 char), primary key (rn_)) on commit delete rows
2025-05-04 15:15:31 INFO  o.h.e.t.j.p.i.JtaPlatformInitiator - HHH000489: No JTA platform available (set 'hibernate.transaction.jta.platform' to enable JTA platform integration)
2025-05-04 15:15:31 INFO  o.s.o.j.LocalContainerEntityManagerFactoryBean - Initialized JPA EntityManagerFactory for persistence unit 'default'
2025-05-04 15:15:31 INFO  o.s.d.j.r.query.QueryEnhancerFactory - Hibernate is in classpath; If applicable, HQL parser will be used.
2025-05-04 15:15:31 WARN  o.s.b.a.o.j.JpaBaseConfiguration$JpaWebConfiguration - spring.jpa.open-in-view is enabled by default. Therefore, database queries may be performed during view rendering. Explicitly configure spring.jpa.open-in-view to disable this warning
2025-05-04 15:15:32 INFO  o.a.coyote.http11.Http11NioProtocol - Starting ProtocolHandler ["http-nio-2025"]
2025-05-04 15:15:32 INFO  o.s.b.w.e.tomcat.TomcatWebServer - Tomcat started on port 2025 (http) with context path '/'
2025-05-04 15:15:32 INFO  com.project.LMS.LmsApplication - Started LmsApplication in 6.362 seconds (process running for 7.012)
2025-05-04 15:15:37 INFO  o.a.c.c.C.[Tomcat].[localhost].[/] - Initializing Spring DispatcherServlet 'dispatcherServlet'
2025-05-04 15:15:37 INFO  o.s.web.servlet.DispatcherServlet - Initializing Servlet 'dispatcherServlet'
2025-05-04 15:15:37 INFO  o.s.web.servlet.DispatcherServlet - Completed initialization in 1 ms
2025-05-04 15:15:37 INFO  c.p.L.c.EnrollmentController - Request to get progress tracking
2025-05-04 15:15:37 DEBUG org.hibernate.SQL - SELECT * FROM (  SELECT u.name as userName, u.email as userEmail,   CAST(AVG(e.progress) AS DECIMAL(10,2)) as averageProgress,   COUNT(e.enrollment_id) as courseCount   FROM enrollment e   JOIN users u ON e.user_id = u.user_id   GROUP BY u.name, u.email   ORDER BY AVG(e.progress) DESC, COUNT(e.enrollment_id) DESC)
2025-05-04 15:23:19 INFO  c.p.L.c.EnrollmentController - Request to get progress tracking
2025-05-04 15:23:19 DEBUG org.hibernate.SQL - SELECT * FROM (  SELECT u.name as userName, u.email as userEmail,   CAST(AVG(e.progress) AS DECIMAL(10,2)) as averageProgress,   COUNT(e.enrollment_id) as courseCount   FROM enrollment e   JOIN users u ON e.user_id = u.user_id   GROUP BY u.name, u.email   ORDER BY AVG(e.progress) DESC, COUNT(e.enrollment_id) DESC)
2025-05-04 15:23:19 INFO  c.p.L.c.EnrollmentController - Request to get progress tracking
2025-05-04 15:23:19 DEBUG org.hibernate.SQL - SELECT * FROM (  SELECT u.name as userName, u.email as userEmail,   CAST(AVG(e.progress) AS DECIMAL(10,2)) as averageProgress,   COUNT(e.enrollment_id) as courseCount   FROM enrollment e   JOIN users u ON e.user_id = u.user_id   GROUP BY u.name, u.email   ORDER BY AVG(e.progress) DESC, COUNT(e.enrollment_id) DESC)
2025-05-04 15:23:29 INFO  c.p.LMS.controller.CourseController - Fetching all courses
2025-05-04 15:23:29 DEBUG org.hibernate.SQL - select c1_0.course_id,c1_0.description,c1_0.prerequisites,c1_0.quiz_ids,c1_0.title,c1_0.video_url from course c1_0
2025-05-04 15:24:24 INFO  c.p.LMS.controller.CourseController - Fetching all courses
2025-05-04 15:24:24 DEBUG org.hibernate.SQL - select c1_0.course_id,c1_0.description,c1_0.prerequisites,c1_0.quiz_ids,c1_0.title,c1_0.video_url from course c1_0
2025-05-04 15:24:33 INFO  c.p.LMS.controller.QuizController - Fetching all quiz
2025-05-04 15:24:33 DEBUG org.hibernate.SQL - select q1_0.quiz_id,q1_0.marks,q1_0.min_pass_score,q1_0.questions,q1_0.quiz_name from quiz q1_0
2025-05-04 15:24:38 INFO  c.p.L.controller.QuestionController - Fetching all questions
2025-05-04 15:24:38 DEBUG org.hibernate.SQL - select q1_0.question_id,q1_0.answer_option,q1_0.option1,q1_0.option2,q1_0.option3,q1_0.option4,q1_0.question_descrioption,q1_0.quiz_quiz_id from questions q1_0
2025-05-04 15:26:36 INFO  c.p.L.c.EnrollmentController - Request to get progress tracking
2025-05-04 15:26:36 DEBUG org.hibernate.SQL - SELECT * FROM (  SELECT u.name as userName, u.email as userEmail,   CAST(AVG(e.progress) AS DECIMAL(10,2)) as averageProgress,   COUNT(e.enrollment_id) as courseCount   FROM enrollment e   JOIN users u ON e.user_id = u.user_id   GROUP BY u.name, u.email   ORDER BY AVG(e.progress) DESC, COUNT(e.enrollment_id) DESC)
2025-05-04 15:37:40 INFO  c.p.L.c.EnrollmentController - Fetching enrollments for user ID: 1
2025-05-04 15:37:41 DEBUG org.hibernate.SQL - select count(*) from users u1_0 where u1_0.user_id=?
2025-05-04 15:37:41 DEBUG org.hibernate.SQL - select e1_0.enrollment_id,e1_0.course_id,e1_0.enrollment_date,e1_0.progress,e1_0.user_id from enrollment e1_0 left join users u1_0 on u1_0.user_id=e1_0.user_id where u1_0.user_id=?
2025-05-04 15:37:41 DEBUG org.hibernate.SQL - select c1_0.course_id,c1_0.description,c1_0.prerequisites,c1_0.quiz_ids,c1_0.title,c1_0.video_url from course c1_0 where c1_0.course_id=?
2025-05-04 15:37:41 DEBUG org.hibernate.SQL - select u1_0.user_id,u1_0.email,u1_0.name,u1_0.password,u1_0.role from users u1_0 where u1_0.user_id=?
2025-05-04 15:37:41 DEBUG org.hibernate.SQL - select c1_0.course_id,c1_0.description,c1_0.prerequisites,c1_0.quiz_ids,c1_0.title,c1_0.video_url from course c1_0 where c1_0.course_id=?
2025-05-04 15:37:41 DEBUG org.hibernate.SQL - select c1_0.course_id,c1_0.description,c1_0.prerequisites,c1_0.quiz_ids,c1_0.title,c1_0.video_url from course c1_0 where c1_0.course_id=?
2025-05-04 15:37:41 DEBUG org.hibernate.SQL - select c1_0.course_id,c1_0.description,c1_0.prerequisites,c1_0.quiz_ids,c1_0.title,c1_0.video_url from course c1_0 where c1_0.course_id=?
2025-05-04 15:37:45 INFO  c.p.L.c.EnrollmentController - Fetching enrollments for user ID: 1
2025-05-04 15:37:45 DEBUG org.hibernate.SQL - select count(*) from users u1_0 where u1_0.user_id=?
2025-05-04 15:37:45 DEBUG org.hibernate.SQL - select e1_0.enrollment_id,e1_0.course_id,e1_0.enrollment_date,e1_0.progress,e1_0.user_id from enrollment e1_0 left join users u1_0 on u1_0.user_id=e1_0.user_id where u1_0.user_id=?
2025-05-04 15:37:45 DEBUG org.hibernate.SQL - select c1_0.course_id,c1_0.description,c1_0.prerequisites,c1_0.quiz_ids,c1_0.title,c1_0.video_url from course c1_0 where c1_0.course_id=?
2025-05-04 15:37:45 DEBUG org.hibernate.SQL - select u1_0.user_id,u1_0.email,u1_0.name,u1_0.password,u1_0.role from users u1_0 where u1_0.user_id=?
2025-05-04 15:37:45 DEBUG org.hibernate.SQL - select c1_0.course_id,c1_0.description,c1_0.prerequisites,c1_0.quiz_ids,c1_0.title,c1_0.video_url from course c1_0 where c1_0.course_id=?
2025-05-04 15:37:45 DEBUG org.hibernate.SQL - select c1_0.course_id,c1_0.description,c1_0.prerequisites,c1_0.quiz_ids,c1_0.title,c1_0.video_url from course c1_0 where c1_0.course_id=?
2025-05-04 15:37:45 DEBUG org.hibernate.SQL - select c1_0.course_id,c1_0.description,c1_0.prerequisites,c1_0.quiz_ids,c1_0.title,c1_0.video_url from course c1_0 where c1_0.course_id=?
2025-05-04 15:37:46 INFO  c.p.LMS.controller.CourseController - Fetching all courses
2025-05-04 15:37:46 DEBUG org.hibernate.SQL - select c1_0.course_id,c1_0.description,c1_0.prerequisites,c1_0.quiz_ids,c1_0.title,c1_0.video_url from course c1_0
2025-05-04 15:37:48 INFO  c.p.L.c.EnrollmentController - Fetching enrollments for user ID: 1
2025-05-04 15:37:48 DEBUG org.hibernate.SQL - select count(*) from users u1_0 where u1_0.user_id=?
2025-05-04 15:37:48 DEBUG org.hibernate.SQL - select e1_0.enrollment_id,e1_0.course_id,e1_0.enrollment_date,e1_0.progress,e1_0.user_id from enrollment e1_0 left join users u1_0 on u1_0.user_id=e1_0.user_id where u1_0.user_id=?
2025-05-04 15:37:48 DEBUG org.hibernate.SQL - select c1_0.course_id,c1_0.description,c1_0.prerequisites,c1_0.quiz_ids,c1_0.title,c1_0.video_url from course c1_0 where c1_0.course_id=?
2025-05-04 15:37:48 DEBUG org.hibernate.SQL - select u1_0.user_id,u1_0.email,u1_0.name,u1_0.password,u1_0.role from users u1_0 where u1_0.user_id=?
2025-05-04 15:37:48 DEBUG org.hibernate.SQL - select c1_0.course_id,c1_0.description,c1_0.prerequisites,c1_0.quiz_ids,c1_0.title,c1_0.video_url from course c1_0 where c1_0.course_id=?
2025-05-04 15:37:48 DEBUG org.hibernate.SQL - select c1_0.course_id,c1_0.description,c1_0.prerequisites,c1_0.quiz_ids,c1_0.title,c1_0.video_url from course c1_0 where c1_0.course_id=?
2025-05-04 15:37:48 DEBUG org.hibernate.SQL - select c1_0.course_id,c1_0.description,c1_0.prerequisites,c1_0.quiz_ids,c1_0.title,c1_0.video_url from course c1_0 where c1_0.course_id=?
2025-05-04 15:37:53 INFO  c.p.LMS.controller.CourseController - Fetching course with id: 1
2025-05-04 15:37:53 DEBUG org.hibernate.SQL - select c1_0.course_id,c1_0.description,c1_0.prerequisites,c1_0.quiz_ids,c1_0.title,c1_0.video_url from course c1_0 where c1_0.course_id=?
2025-05-04 15:38:24 INFO  c.p.LMS.controller.CourseController - Fetching all courses
2025-05-04 15:38:24 DEBUG org.hibernate.SQL - select c1_0.course_id,c1_0.description,c1_0.prerequisites,c1_0.quiz_ids,c1_0.title,c1_0.video_url from course c1_0
2025-05-04 15:38:38 INFO  c.p.LMS.controller.CourseController - Deleting course with id: 5
2025-05-04 15:38:38 DEBUG org.hibernate.SQL - select c1_0.course_id,c1_0.description,c1_0.prerequisites,c1_0.quiz_ids,c1_0.title,c1_0.video_url from course c1_0 where c1_0.course_id=?
2025-05-04 15:38:39 DEBUG org.hibernate.SQL - delete from course where course_id=?
2025-05-04 15:38:44 INFO  c.p.L.c.EnrollmentController - Fetching enrollments for user ID: 1
2025-05-04 15:38:44 DEBUG org.hibernate.SQL - select count(*) from users u1_0 where u1_0.user_id=?
2025-05-04 15:38:44 DEBUG org.hibernate.SQL - select e1_0.enrollment_id,e1_0.course_id,e1_0.enrollment_date,e1_0.progress,e1_0.user_id from enrollment e1_0 left join users u1_0 on u1_0.user_id=e1_0.user_id where u1_0.user_id=?
2025-05-04 15:38:44 DEBUG org.hibernate.SQL - select c1_0.course_id,c1_0.description,c1_0.prerequisites,c1_0.quiz_ids,c1_0.title,c1_0.video_url from course c1_0 where c1_0.course_id=?
2025-05-04 15:38:44 DEBUG org.hibernate.SQL - select u1_0.user_id,u1_0.email,u1_0.name,u1_0.password,u1_0.role from users u1_0 where u1_0.user_id=?
2025-05-04 15:38:44 DEBUG org.hibernate.SQL - select c1_0.course_id,c1_0.description,c1_0.prerequisites,c1_0.quiz_ids,c1_0.title,c1_0.video_url from course c1_0 where c1_0.course_id=?
2025-05-04 15:38:44 DEBUG org.hibernate.SQL - select c1_0.course_id,c1_0.description,c1_0.prerequisites,c1_0.quiz_ids,c1_0.title,c1_0.video_url from course c1_0 where c1_0.course_id=?
2025-05-04 15:38:44 DEBUG org.hibernate.SQL - select c1_0.course_id,c1_0.description,c1_0.prerequisites,c1_0.quiz_ids,c1_0.title,c1_0.video_url from course c1_0 where c1_0.course_id=?
2025-05-04 15:38:44 INFO  c.p.LMS.controller.CourseController - Fetching all courses
2025-05-04 15:38:44 DEBUG org.hibernate.SQL - select c1_0.course_id,c1_0.description,c1_0.prerequisites,c1_0.quiz_ids,c1_0.title,c1_0.video_url from course c1_0
2025-05-04 15:39:07 INFO  c.p.L.c.EnrollmentController - Request to get leaderboard
2025-05-04 15:39:07 DEBUG org.hibernate.SQL - SELECT * FROM (  SELECT u.name as userName, CAST(AVG(e.progress) AS DECIMAL(10,2)) as averageProgress   FROM enrollment e   JOIN users u ON e.user_id = u.user_id   GROUP BY u.name   ORDER BY AVG(e.progress) DESC) WHERE ROWNUM <= 4
2025-05-04 16:06:50 WARN  com.zaxxer.hikari.pool.HikariPool - HikariPool-1 - Thread starvation or clock leap detected (housekeeper delta=13m20s157ms884µs700ns).
2025-05-04 16:47:43 WARN  com.zaxxer.hikari.pool.HikariPool - HikariPool-1 - Thread starvation or clock leap detected (housekeeper delta=30m52s470ms137µs900ns).
2025-05-04 18:53:56 WARN  com.zaxxer.hikari.pool.HikariPool - HikariPool-1 - Thread starvation or clock leap detected (housekeeper delta=1h22m41s747ms485µs900ns).
